План запроса — это стратегия, которую использует система управления базой данных (СУБД) для выполнения SQL-запроса. 
Этот план включает информацию о порядке выполнения операций, индексов, которые будут использоваться, 
методах соединения таблиц и других аспектах. Основная цель — оптимизация выполнения запроса для минимизации времени и ресурсов.

Основные этапы создания и выполнения плана запроса

    Анализ запроса:
        СУБД анализирует синтаксис и семантику SQL-запроса, проверяя его корректность и структуру.


    Оптимизация:
        СУБД применяет различные стратегии и эвристики для выбора наиболее эффективного плана выполнения запроса. 
        
        Этот этап включает:

            Выборка подходящих индексов.

            Определение порядка соединения таблиц.

            Оптимизация операций сортировки, группировки и фильтрации.


    Генерация плана выполнения:
        СУБД создает детальный план выполнения запроса, который включает операции сканирования, 
        соединения, сортировки и другие операции.


    Исполнение плана:
        СУБД выполняет запрос согласно сгенерированному плану и возвращает результат.


Пример в PostgreSQL
Рассмотрим пример создания и анализа плана запроса в PostgreSQL с использованием команды EXPLAIN.

Создание примера таблиц и данных
    
    -- Создание таблиц
    CREATE TABLE users (
        id SERIAL PRIMARY KEY,
        name VARCHAR(100),
        age INT
    );
    
    CREATE TABLE orders (
        id SERIAL PRIMARY KEY,
        user_id INT REFERENCES users(id),
        total DECIMAL
    );
    
    -- Вставка данных
    INSERT INTO users (name, age) VALUES
    ('Alice', 30),
    ('Bob', 25),
    ('Charlie', 35);
    
    INSERT INTO orders (user_id, total) VALUES
    (1, 100.00),
    (2, 200.00),
    (3, 300.00),
    (1, 150.00),
    (2, 250.00);



Анализ плана запроса

    Использование EXPLAIN для анализа простого запроса:
        
        EXPLAIN SELECT * FROM users WHERE age > 30;
    
    Пример вывода:
    
        Seq Scan on users  (cost=0.00..14.00 rows=1 width=37)
          Filter: (age > 30)
        
            Seq Scan: СУБД использует последовательное сканирование таблицы users.
            cost=0.00..14.00: Оценочная стоимость выполнения запроса (чем меньше, тем лучше).
            rows=1: Ожидаемое количество строк, которые будут возвращены.
            Filter: (age > 30): Применяемый фильтр.
    

Оптимизация с использованием индексов

    Создание индекса для оптимизации запроса:

        CREATE INDEX idx_users_age ON users(age);
    
    
    Повторный анализ плана запроса:
    
        EXPLAIN SELECT * FROM users WHERE age > 30;
    
    Пример вывода:
         
        Bitmap Heap Scan on users  (cost=4.19..12.88 rows=1 width=37)
          Recheck Cond: (age > 30)
          ->  Bitmap Index Scan on idx_users_age  (cost=0.00..4.19 rows=1 width=0)
                Index Cond: (age > 30)
        
            Bitmap Heap Scan и Bitmap Index Scan: СУБД использует индексы для ускорения поиска.
            cost=4.19..12.88: Оценочная стоимость уменьшилась, что означает улучшение производительности.


Компоненты плана запроса

    Seq Scan (Последовательное сканирование):
        Полное сканирование таблицы без использования индексов.


    Index Scan (Сканирование индекса):
        Использование индексов для быстрого поиска строк.


    Bitmap Index Scan и Bitmap Heap Scan:
        Комбинация методов для эффективного поиска и фильтрации данных с использованием индексов.


    Join (Соединение):
        Методы соединения таблиц, такие как Nested Loop, Hash Join, Merge Join.


    Sort (Сортировка):
        Сортировка результатов запроса.


    Aggregate (Аггрегация):
        Операции группировки и агрегатные функции.


Пример с соединением таблиц

    Использование EXPLAIN для запроса с соединением таблиц:
        
        EXPLAIN SELECT u.name, SUM(o.total) as total_spent
        FROM users u
        JOIN orders o ON u.id = o.user_id
        GROUP BY u.name;

    Пример вывода:
        
        GroupAggregate  (cost=35.76..36.14 rows=3 width=41)
          Group Key: u.name
          ->  Sort  (cost=35.76..35.84 rows=31 width=41)
                Sort Key: u.name
                ->  Hash Join  (cost=15.43..34.16 rows=31 width=41)
                      Hash Cond: (o.user_id = u.id)
                      ->  Seq Scan on orders o  (cost=0.00..15.30 rows=530 width=12)
                      ->  Hash  (cost=14.20..14.20 rows=31 width=37)
                            ->  Seq Scan on users u  (cost=0.00..14.20 rows=31 width=37)
        
    GroupAggregate: Операция группировки с агрегатной функцией SUM.
    
    Hash Join: Использование хеш-соединения для объединения таблиц users и orders.
    
    Sort: Сортировка данных перед агрегацией.



Заключение

    План запроса — это ключевой аспект работы СУБД, который определяет, как будет выполняться SQL-запрос. 
    Анализ и оптимизация планов запросов позволяют значительно улучшить производительность баз данных. 
    Использование команд EXPLAIN и EXPLAIN ANALYZE помогает разработчикам и администраторам баз данных понять, 
    как СУБД планирует выполнять запросы и как можно оптимизировать их выполнение.
